[2020-09-29 03:40:05] production.ERROR: No application encryption key has been specified. {"exception":"[object] (Illuminate\\Encryption\\MissingAppKeyException(code: 0): No application encryption key has been specified. at C:\\wamp64\\www\\keenthemes\\themes\\metronic\\theme\\html_laravel\\demo1\\skeleton\\vendor\\laravel\\framework\\src\\Illuminate\\Encryption\\EncryptionServiceProvider.php:79)
[stacktrace]
#0 C:\\wamp64\\www\\keenthemes\\themes\\metronic\\theme\\html_laravel\\demo1\\skeleton\\vendor\\laravel\\framework\\src\\Illuminate\\Support\\helpers.php(263): Illuminate\\Encryption\\EncryptionServiceProvider->Illuminate\\Encryption\\{closure}(NULL)
#1 C:\\wamp64\\www\\keenthemes\\themes\\metronic\\theme\\html_laravel\\demo1\\skeleton\\vendor\\laravel\\framework\\src\\Illuminate\\Encryption\\EncryptionServiceProvider.php(81): tap(NULL, Object(Closure))
#2 C:\\wamp64\\www\\keenthemes\\themes\\metronic\\theme\\html_laravel\\demo1\\skeleton\\vendor\\laravel\\framework\\src\\Illuminate\\Encryption\\EncryptionServiceProvider.php(60): Illuminate\\Encryption\\EncryptionServiceProvider->key(Array)
#3 C:\\wamp64\\www\\keenthemes\\themes\\metronic\\theme\\html_laravel\\demo1\\skeleton\\vendor\\laravel\\framework\\src\\Illuminate\\Encryption\\EncryptionServiceProvider.php(32): Illuminate\\Encryption\\EncryptionServiceProvider->parseKey(Array)
#4 C:\\wamp64\\www\\keenthemes\\themes\\metronic\\theme\\html_laravel\\demo1\\skeleton\\vendor\\laravel\\framework\\src\\Illuminate\\Container\\Container.php(805): Illuminate\\Encryption\\EncryptionServiceProvider->Illuminate\\Encryption\\{closure}(Object(Illuminate\\Foundation\\Application), Array)
#5 C:\\wamp64\\www\\keenthemes\\themes\\metronic\\theme\\html_laravel\\demo1\\skeleton\\vendor\\laravel\\framework\\src\\Illuminate\\Container\\Container.php(691): Illuminate\\Container\\Container->build(Object(Closure))
#6 C:\\wamp64\\www\\keenthemes\\themes\\metronic\\theme\\html_laravel\\demo1\\skeleton\\vendor\\laravel\\framework\\src\\Illuminate\\Foundation\\Application.php(796): Illuminate\\Container\\Container->resolve('encrypter', Array, true)
#7 C:\\wamp64\\www\\keenthemes\\themes\\metronic\\theme\\html_laravel\\demo1\\skeleton\\vendor\\laravel\\framework\\src\\Illuminate\\Container\\Container.php(637): Illuminate\\Foundation\\Application->resolve('encrypter', Array)
#8 C:\\wamp64\\www\\keenthemes\\themes\\metronic\\theme\\html_laravel\\demo1\\skeleton\\vendor\\laravel\\framework\\src\\Illuminate\\Foundation\\Application.php(781): Illuminate\\Container\\Container->make('encrypter', Array)
#9 C:\\wamp64\\www\\keenthemes\\themes\\metronic\\theme\\html_laravel\\demo1\\skeleton\\vendor\\laravel\\framework\\src\\Illuminate\\Container\\Container.php(959): Illuminate\\Foundation\\Application->make('encrypter')
#10 C:\\wamp64\\www\\keenthemes\\themes\\metronic\\theme\\html_laravel\\demo1\\skeleton\\vendor\\laravel\\framework\\src\\Illuminate\\Container\\Container.php(879): Illuminate\\Container\\Container->resolveClass(Object(ReflectionParameter))
#11 C:\\wamp64\\www\\keenthemes\\themes\\metronic\\theme\\html_laravel\\demo1\\skeleton\\vendor\\laravel\\framework\\src\\Illuminate\\Container\\Container.php(840): Illuminate\\Container\\Container->resolveDependencies(Array)
#12 C:\\wamp64\\www\\keenthemes\\themes\\metronic\\theme\\html_laravel\\demo1\\skeleton\\vendor\\laravel\\framework\\src\\Illuminate\\Container\\Container.php(691): Illuminate\\Container\\Container->build('App\\\\Http\\\\Middle...')
#13 C:\\wamp64\\www\\keenthemes\\themes\\metronic\\theme\\html_laravel\\demo1\\skeleton\\vendor\\laravel\\framework\\src\\Illuminate\\Foundation\\Application.php(796): Illuminate\\Container\\Container->resolve('App\\\\Http\\\\Middle...', Array, true)
#14 C:\\wamp64\\www\\keenthemes\\themes\\metronic\\theme\\html_laravel\\demo1\\skeleton\\vendor\\laravel\\framework\\src\\Illuminate\\Container\\Container.php(637): Illuminate\\Foundation\\Application->resolve('App\\\\Http\\\\Middle...', Array)
#15 C:\\wamp64\\www\\keenthemes\\themes\\metronic\\theme\\html_laravel\\demo1\\skeleton\\vendor\\laravel\\framework\\src\\Illuminate\\Foundation\\Application.php(781): Illuminate\\Container\\Container->make('App\\\\Http\\\\Middle...', Array)
#16 C:\\wamp64\\www\\keenthemes\\themes\\metronic\\theme\\html_laravel\\demo1\\skeleton\\vendor\\laravel\\framework\\src\\Illuminate\\Pipeline\\Pipeline.php(156): Illuminate\\Foundation\\Application->make('App\\\\Http\\\\Middle...')
#17 C:\\wamp64\\www\\keenthemes\\themes\\metronic\\theme\\html_laravel\\demo1\\skeleton\\vendor\\laravel\\framework\\src\\Illuminate\\Pipeline\\Pipeline.php(103): Illuminate\\Pipeline\\Pipeline->Illuminate\\Pipeline\\{closure}(Object(Illuminate\\Http\\Request))
#18 C:\\wamp64\\www\\keenthemes\\themes\\metronic\\theme\\html_laravel\\demo1\\skeleton\\vendor\\laravel\\framework\\src\\Illuminate\\Routing\\Router.php(693): Illuminate\\Pipeline\\Pipeline->then(Object(Closure))
#19 C:\\wamp64\\www\\keenthemes\\themes\\metronic\\theme\\html_laravel\\demo1\\skeleton\\vendor\\laravel\\framework\\src\\Illuminate\\Routing\\Router.php(668): Illuminate\\Routing\\Router->runRouteWithinStack(Object(Illuminate\\Routing\\Route), Object(Illuminate\\Http\\Request))
#20 C:\\wamp64\\www\\keenthemes\\themes\\metronic\\theme\\html_laravel\\demo1\\skeleton\\vendor\\laravel\\framework\\src\\Illuminate\\Routing\\Router.php(634): Illuminate\\Routing\\Router->runRoute(Object(Illuminate\\Http\\Request), Object(Illuminate\\Routing\\Route))
#21 C:\\wamp64\\www\\keenthemes\\themes\\metronic\\theme\\html_laravel\\demo1\\skeleton\\vendor\\laravel\\framework\\src\\Illuminate\\Routing\\Router.php(623): Illuminate\\Routing\\Router->dispatchToRoute(Object(Illuminate\\Http\\Request))
#22 C:\\wamp64\\www\\keenthemes\\themes\\metronic\\theme\\html_laravel\\demo1\\skeleton\\vendor\\laravel\\framework\\src\\Illuminate\\Foundation\\Http\\Kernel.php(166): Illuminate\\Routing\\Router->dispatch(Object(Illuminate\\Http\\Request))
#23 C:\\wamp64\\www\\keenthemes\\themes\\metronic\\theme\\html_laravel\\demo1\\skeleton\\vendor\\laravel\\framework\\src\\Illuminate\\Pipeline\\Pipeline.php(128): Illuminate\\Foundation\\Http\\Kernel->Illuminate\\Foundation\\Http\\{closure}(Object(Illuminate\\Http\\Request))
#24 C:\\wamp64\\www\\keenthemes\\themes\\metronic\\theme\\html_laravel\\demo1\\skeleton\\vendor\\laravel\\framework\\src\\Illuminate\\Foundation\\Http\\Middleware\\TransformsRequest.php(21): Illuminate\\Pipeline\\Pipeline->Illuminate\\Pipeline\\{closure}(Object(Illuminate\\Http\\Request))
#25 C:\\wamp64\\www\\keenthemes\\themes\\metronic\\theme\\html_laravel\\demo1\\skeleton\\vendor\\laravel\\framework\\src\\Illuminate\\Pipeline\\Pipeline.php(167): Illuminate\\Foundation\\Http\\Middleware\\TransformsRequest->handle(Object(Illuminate\\Http\\Request), Object(Closure))
#26 C:\\wamp64\\www\\keenthemes\\themes\\metronic\\theme\\html_laravel\\demo1\\skeleton\\vendor\\laravel\\framework\\src\\Illuminate\\Foundation\\Http\\Middleware\\TransformsRequest.php(21): Illuminate\\Pipeline\\Pipeline->Illuminate\\Pipeline\\{closure}(Object(Illuminate\\Http\\Request))
#27 C:\\wamp64\\www\\keenthemes\\themes\\metronic\\theme\\html_laravel\\demo1\\skeleton\\vendor\\laravel\\framework\\src\\Illuminate\\Pipeline\\Pipeline.php(167): Illuminate\\Foundation\\Http\\Middleware\\TransformsRequest->handle(Object(Illuminate\\Http\\Request), Object(Closure))
#28 C:\\wamp64\\www\\keenthemes\\themes\\metronic\\theme\\html_laravel\\demo1\\skeleton\\vendor\\laravel\\framework\\src\\Illuminate\\Foundation\\Http\\Middleware\\ValidatePostSize.php(27): Illuminate\\Pipeline\\Pipeline->Illuminate\\Pipeline\\{closure}(Object(Illuminate\\Http\\Request))
#29 C:\\wamp64\\www\\keenthemes\\themes\\metronic\\theme\\html_laravel\\demo1\\skeleton\\vendor\\laravel\\framework\\src\\Illuminate\\Pipeline\\Pipeline.php(167): Illuminate\\Foundation\\Http\\Middleware\\ValidatePostSize->handle(Object(Illuminate\\Http\\Request), Object(Closure))
#30 C:\\wamp64\\www\\keenthemes\\themes\\metronic\\theme\\html_laravel\\demo1\\skeleton\\vendor\\laravel\\framework\\src\\Illuminate\\Foundation\\Http\\Middleware\\PreventRequestsDuringMaintenance.php(87): Illuminate\\Pipeline\\Pipeline->Illuminate\\Pipeline\\{closure}(Object(Illuminate\\Http\\Request))
#31 C:\\wamp64\\www\\keenthemes\\themes\\metronic\\theme\\html_laravel\\demo1\\skeleton\\vendor\\laravel\\framework\\src\\Illuminate\\Pipeline\\Pipeline.php(167): Illuminate\\Foundation\\Http\\Middleware\\PreventRequestsDuringMaintenance->handle(Object(Illuminate\\Http\\Request), Object(Closure))
#32 C:\\wamp64\\www\\keenthemes\\themes\\metronic\\theme\\html_laravel\\demo1\\skeleton\\vendor\\fruitcake\\laravel-cors\\src\\HandleCors.php(37): Illuminate\\Pipeline\\Pipeline->Illuminate\\Pipeline\\{closure}(Object(Illuminate\\Http\\Request))
#33 C:\\wamp64\\www\\keenthemes\\themes\\metronic\\theme\\html_laravel\\demo1\\skeleton\\vendor\\laravel\\framework\\src\\Illuminate\\Pipeline\\Pipeline.php(167): Fruitcake\\Cors\\HandleCors->handle(Object(Illuminate\\Http\\Request), Object(Closure))
#34 C:\\wamp64\\www\\keenthemes\\themes\\metronic\\theme\\html_laravel\\demo1\\skeleton\\vendor\\fideloper\\proxy\\src\\TrustProxies.php(57): Illuminate\\Pipeline\\Pipeline->Illuminate\\Pipeline\\{closure}(Object(Illuminate\\Http\\Request))
#35 C:\\wamp64\\www\\keenthemes\\themes\\metronic\\theme\\html_laravel\\demo1\\skeleton\\vendor\\laravel\\framework\\src\\Illuminate\\Pipeline\\Pipeline.php(167): Fideloper\\Proxy\\TrustProxies->handle(Object(Illuminate\\Http\\Request), Object(Closure))
#36 C:\\wamp64\\www\\keenthemes\\themes\\metronic\\theme\\html_laravel\\demo1\\skeleton\\vendor\\laravel\\framework\\src\\Illuminate\\Pipeline\\Pipeline.php(103): Illuminate\\Pipeline\\Pipeline->Illuminate\\Pipeline\\{closure}(Object(Illuminate\\Http\\Request))
#37 C:\\wamp64\\www\\keenthemes\\themes\\metronic\\theme\\html_laravel\\demo1\\skeleton\\vendor\\laravel\\framework\\src\\Illuminate\\Foundation\\Http\\Kernel.php(141): Illuminate\\Pipeline\\Pipeline->then(Object(Closure))
#38 C:\\wamp64\\www\\keenthemes\\themes\\metronic\\theme\\html_laravel\\demo1\\skeleton\\vendor\\laravel\\framework\\src\\Illuminate\\Foundation\\Http\\Kernel.php(110): Illuminate\\Foundation\\Http\\Kernel->sendRequestThroughRouter(Object(Illuminate\\Http\\Request))
#39 C:\\wamp64\\www\\keenthemes\\themes\\metronic\\theme\\html_laravel\\demo1\\skeleton\\public\\index.php(55): Illuminate\\Foundation\\Http\\Kernel->handle(Object(Illuminate\\Http\\Request))
#40 C:\\wamp64\\www\\keenthemes\\themes\\metronic\\theme\\html_laravel\\demo1\\skeleton\\server.php(21): require_once('C:\\\\wamp64\\\\www\\\\k...')
#41 {main}
"} 
[2020-09-29 03:40:05] production.ERROR: No application encryption key has been specified. {"exception":"[object] (Illuminate\\Encryption\\MissingAppKeyException(code: 0): No application encryption key has been specified. at C:\\wamp64\\www\\keenthemes\\themes\\metronic\\theme\\html_laravel\\demo1\\skeleton\\vendor\\laravel\\framework\\src\\Illuminate\\Encryption\\EncryptionServiceProvider.php:79)
[stacktrace]
#0 C:\\wamp64\\www\\keenthemes\\themes\\metronic\\theme\\html_laravel\\demo1\\skeleton\\vendor\\laravel\\framework\\src\\Illuminate\\Support\\helpers.php(263): Illuminate\\Encryption\\EncryptionServiceProvider->Illuminate\\Encryption\\{closure}(NULL)
#1 C:\\wamp64\\www\\keenthemes\\themes\\metronic\\theme\\html_laravel\\demo1\\skeleton\\vendor\\laravel\\framework\\src\\Illuminate\\Encryption\\EncryptionServiceProvider.php(81): tap(NULL, Object(Closure))
#2 C:\\wamp64\\www\\keenthemes\\themes\\metronic\\theme\\html_laravel\\demo1\\skeleton\\vendor\\laravel\\framework\\src\\Illuminate\\Encryption\\EncryptionServiceProvider.php(60): Illuminate\\Encryption\\EncryptionServiceProvider->key(Array)
#3 C:\\wamp64\\www\\keenthemes\\themes\\metronic\\theme\\html_laravel\\demo1\\skeleton\\vendor\\laravel\\framework\\src\\Illuminate\\Encryption\\EncryptionServiceProvider.php(32): Illuminate\\Encryption\\EncryptionServiceProvider->parseKey(Array)
#4 C:\\wamp64\\www\\keenthemes\\themes\\metronic\\theme\\html_laravel\\demo1\\skeleton\\vendor\\laravel\\framework\\src\\Illuminate\\Container\\Container.php(805): Illuminate\\Encryption\\EncryptionServiceProvider->Illuminate\\Encryption\\{closure}(Object(Illuminate\\Foundation\\Application), Array)
#5 C:\\wamp64\\www\\keenthemes\\themes\\metronic\\theme\\html_laravel\\demo1\\skeleton\\vendor\\laravel\\framework\\src\\Illuminate\\Container\\Container.php(691): Illuminate\\Container\\Container->build(Object(Closure))
#6 C:\\wamp64\\www\\keenthemes\\themes\\metronic\\theme\\html_laravel\\demo1\\skeleton\\vendor\\laravel\\framework\\src\\Illuminate\\Foundation\\Application.php(796): Illuminate\\Container\\Container->resolve('encrypter', Array, true)
#7 C:\\wamp64\\www\\keenthemes\\themes\\metronic\\theme\\html_laravel\\demo1\\skeleton\\vendor\\laravel\\framework\\src\\Illuminate\\Container\\Container.php(637): Illuminate\\Foundation\\Application->resolve('encrypter', Array)
#8 C:\\wamp64\\www\\keenthemes\\themes\\metronic\\theme\\html_laravel\\demo1\\skeleton\\vendor\\laravel\\framework\\src\\Illuminate\\Foundation\\Application.php(781): Illuminate\\Container\\Container->make('encrypter', Array)
#9 C:\\wamp64\\www\\keenthemes\\themes\\metronic\\theme\\html_laravel\\demo1\\skeleton\\vendor\\laravel\\framework\\src\\Illuminate\\Container\\Container.php(959): Illuminate\\Foundation\\Application->make('encrypter')
#10 C:\\wamp64\\www\\keenthemes\\themes\\metronic\\theme\\html_laravel\\demo1\\skeleton\\vendor\\laravel\\framework\\src\\Illuminate\\Container\\Container.php(879): Illuminate\\Container\\Container->resolveClass(Object(ReflectionParameter))
#11 C:\\wamp64\\www\\keenthemes\\themes\\metronic\\theme\\html_laravel\\demo1\\skeleton\\vendor\\laravel\\framework\\src\\Illuminate\\Container\\Container.php(840): Illuminate\\Container\\Container->resolveDependencies(Array)
#12 C:\\wamp64\\www\\keenthemes\\themes\\metronic\\theme\\html_laravel\\demo1\\skeleton\\vendor\\laravel\\framework\\src\\Illuminate\\Container\\Container.php(691): Illuminate\\Container\\Container->build('App\\\\Http\\\\Middle...')
#13 C:\\wamp64\\www\\keenthemes\\themes\\metronic\\theme\\html_laravel\\demo1\\skeleton\\vendor\\laravel\\framework\\src\\Illuminate\\Foundation\\Application.php(796): Illuminate\\Container\\Container->resolve('App\\\\Http\\\\Middle...', Array, true)
#14 C:\\wamp64\\www\\keenthemes\\themes\\metronic\\theme\\html_laravel\\demo1\\skeleton\\vendor\\laravel\\framework\\src\\Illuminate\\Container\\Container.php(637): Illuminate\\Foundation\\Application->resolve('App\\\\Http\\\\Middle...', Array)
#15 C:\\wamp64\\www\\keenthemes\\themes\\metronic\\theme\\html_laravel\\demo1\\skeleton\\vendor\\laravel\\framework\\src\\Illuminate\\Foundation\\Application.php(781): Illuminate\\Container\\Container->make('App\\\\Http\\\\Middle...', Array)
#16 C:\\wamp64\\www\\keenthemes\\themes\\metronic\\theme\\html_laravel\\demo1\\skeleton\\vendor\\laravel\\framework\\src\\Illuminate\\Foundation\\Http\\Kernel.php(205): Illuminate\\Foundation\\Application->make('App\\\\Http\\\\Middle...')
#17 C:\\wamp64\\www\\keenthemes\\themes\\metronic\\theme\\html_laravel\\demo1\\skeleton\\vendor\\laravel\\framework\\src\\Illuminate\\Foundation\\Http\\Kernel.php(179): Illuminate\\Foundation\\Http\\Kernel->terminateMiddleware(Object(Illuminate\\Http\\Request), Object(Illuminate\\Http\\Response))
#18 C:\\wamp64\\www\\keenthemes\\themes\\metronic\\theme\\html_laravel\\demo1\\skeleton\\public\\index.php(60): Illuminate\\Foundation\\Http\\Kernel->terminate(Object(Illuminate\\Http\\Request), Object(Illuminate\\Http\\Response))
#19 C:\\wamp64\\www\\keenthemes\\themes\\metronic\\theme\\html_laravel\\demo1\\skeleton\\server.php(21): require_once('C:\\\\wamp64\\\\www\\\\k...')
#20 {main}
"} 
[2020-09-29 03:43:23] production.ERROR: No application encryption key has been specified. {"exception":"[object] (Illuminate\\Encryption\\MissingAppKeyException(code: 0): No application encryption key has been specified. at C:\\wamp64\\www\\keenthemes\\themes\\metronic\\theme\\html_laravel\\demo1\\skeleton\\vendor\\laravel\\framework\\src\\Illuminate\\Encryption\\EncryptionServiceProvider.php:79)
[stacktrace]
#0 C:\\wamp64\\www\\keenthemes\\themes\\metronic\\theme\\html_laravel\\demo1\\skeleton\\vendor\\laravel\\framework\\src\\Illuminate\\Support\\helpers.php(263): Illuminate\\Encryption\\EncryptionServiceProvider->Illuminate\\Encryption\\{closure}(NULL)
#1 C:\\wamp64\\www\\keenthemes\\themes\\metronic\\theme\\html_laravel\\demo1\\skeleton\\vendor\\laravel\\framework\\src\\Illuminate\\Encryption\\EncryptionServiceProvider.php(81): tap(NULL, Object(Closure))
#2 C:\\wamp64\\www\\keenthemes\\themes\\metronic\\theme\\html_laravel\\demo1\\skeleton\\vendor\\laravel\\framework\\src\\Illuminate\\Encryption\\EncryptionServiceProvider.php(60): Illuminate\\Encryption\\EncryptionServiceProvider->key(Array)
#3 C:\\wamp64\\www\\keenthemes\\themes\\metronic\\theme\\html_laravel\\demo1\\skeleton\\vendor\\laravel\\framework\\src\\Illuminate\\Encryption\\EncryptionServiceProvider.php(32): Illuminate\\Encryption\\EncryptionServiceProvider->parseKey(Array)
#4 C:\\wamp64\\www\\keenthemes\\themes\\metronic\\theme\\html_laravel\\demo1\\skeleton\\vendor\\laravel\\framework\\src\\Illuminate\\Container\\Container.php(805): Illuminate\\Encryption\\EncryptionServiceProvider->Illuminate\\Encryption\\{closure}(Object(Illuminate\\Foundation\\Application), Array)
#5 C:\\wamp64\\www\\keenthemes\\themes\\metronic\\theme\\html_laravel\\demo1\\skeleton\\vendor\\laravel\\framework\\src\\Illuminate\\Container\\Container.php(691): Illuminate\\Container\\Container->build(Object(Closure))
#6 C:\\wamp64\\www\\keenthemes\\themes\\metronic\\theme\\html_laravel\\demo1\\skeleton\\vendor\\laravel\\framework\\src\\Illuminate\\Foundation\\Application.php(796): Illuminate\\Container\\Container->resolve('encrypter', Array, true)
#7 C:\\wamp64\\www\\keenthemes\\themes\\metronic\\theme\\html_laravel\\demo1\\skeleton\\vendor\\laravel\\framework\\src\\Illuminate\\Container\\Container.php(637): Illuminate\\Foundation\\Application->resolve('encrypter', Array)
#8 C:\\wamp64\\www\\keenthemes\\themes\\metronic\\theme\\html_laravel\\demo1\\skeleton\\vendor\\laravel\\framework\\src\\Illuminate\\Foundation\\Application.php(781): Illuminate\\Container\\Container->make('encrypter', Array)
#9 C:\\wamp64\\www\\keenthemes\\themes\\metronic\\theme\\html_laravel\\demo1\\skeleton\\vendor\\laravel\\framework\\src\\Illuminate\\Container\\Container.php(959): Illuminate\\Foundation\\Application->make('encrypter')
#10 C:\\wamp64\\www\\keenthemes\\themes\\metronic\\theme\\html_laravel\\demo1\\skeleton\\vendor\\laravel\\framework\\src\\Illuminate\\Container\\Container.php(879): Illuminate\\Container\\Container->resolveClass(Object(ReflectionParameter))
#11 C:\\wamp64\\www\\keenthemes\\themes\\metronic\\theme\\html_laravel\\demo1\\skeleton\\vendor\\laravel\\framework\\src\\Illuminate\\Container\\Container.php(840): Illuminate\\Container\\Container->resolveDependencies(Array)
#12 C:\\wamp64\\www\\keenthemes\\themes\\metronic\\theme\\html_laravel\\demo1\\skeleton\\vendor\\laravel\\framework\\src\\Illuminate\\Container\\Container.php(691): Illuminate\\Container\\Container->build('App\\\\Http\\\\Middle...')
#13 C:\\wamp64\\www\\keenthemes\\themes\\metronic\\theme\\html_laravel\\demo1\\skeleton\\vendor\\laravel\\framework\\src\\Illuminate\\Foundation\\Application.php(796): Illuminate\\Container\\Container->resolve('App\\\\Http\\\\Middle...', Array, true)
#14 C:\\wamp64\\www\\keenthemes\\themes\\metronic\\theme\\html_laravel\\demo1\\skeleton\\vendor\\laravel\\framework\\src\\Illuminate\\Container\\Container.php(637): Illuminate\\Foundation\\Application->resolve('App\\\\Http\\\\Middle...', Array)
#15 C:\\wamp64\\www\\keenthemes\\themes\\metronic\\theme\\html_laravel\\demo1\\skeleton\\vendor\\laravel\\framework\\src\\Illuminate\\Foundation\\Application.php(781): Illuminate\\Container\\Container->make('App\\\\Http\\\\Middle...', Array)
#16 C:\\wamp64\\www\\keenthemes\\themes\\metronic\\theme\\html_laravel\\demo1\\skeleton\\vendor\\laravel\\framework\\src\\Illuminate\\Pipeline\\Pipeline.php(156): Illuminate\\Foundation\\Application->make('App\\\\Http\\\\Middle...')
#17 C:\\wamp64\\www\\keenthemes\\themes\\metronic\\theme\\html_laravel\\demo1\\skeleton\\vendor\\laravel\\framework\\src\\Illuminate\\Pipeline\\Pipeline.php(103): Illuminate\\Pipeline\\Pipeline->Illuminate\\Pipeline\\{closure}(Object(Illuminate\\Http\\Request))
#18 C:\\wamp64\\www\\keenthemes\\themes\\metronic\\theme\\html_laravel\\demo1\\skeleton\\vendor\\laravel\\framework\\src\\Illuminate\\Routing\\Router.php(693): Illuminate\\Pipeline\\Pipeline->then(Object(Closure))
#19 C:\\wamp64\\www\\keenthemes\\themes\\metronic\\theme\\html_laravel\\demo1\\skeleton\\vendor\\laravel\\framework\\src\\Illuminate\\Routing\\Router.php(668): Illuminate\\Routing\\Router->runRouteWithinStack(Object(Illuminate\\Routing\\Route), Object(Illuminate\\Http\\Request))
#20 C:\\wamp64\\www\\keenthemes\\themes\\metronic\\theme\\html_laravel\\demo1\\skeleton\\vendor\\laravel\\framework\\src\\Illuminate\\Routing\\Router.php(634): Illuminate\\Routing\\Router->runRoute(Object(Illuminate\\Http\\Request), Object(Illuminate\\Routing\\Route))
#21 C:\\wamp64\\www\\keenthemes\\themes\\metronic\\theme\\html_laravel\\demo1\\skeleton\\vendor\\laravel\\framework\\src\\Illuminate\\Routing\\Router.php(623): Illuminate\\Routing\\Router->dispatchToRoute(Object(Illuminate\\Http\\Request))
#22 C:\\wamp64\\www\\keenthemes\\themes\\metronic\\theme\\html_laravel\\demo1\\skeleton\\vendor\\laravel\\framework\\src\\Illuminate\\Foundation\\Http\\Kernel.php(166): Illuminate\\Routing\\Router->dispatch(Object(Illuminate\\Http\\Request))
#23 C:\\wamp64\\www\\keenthemes\\themes\\metronic\\theme\\html_laravel\\demo1\\skeleton\\vendor\\laravel\\framework\\src\\Illuminate\\Pipeline\\Pipeline.php(128): Illuminate\\Foundation\\Http\\Kernel->Illuminate\\Foundation\\Http\\{closure}(Object(Illuminate\\Http\\Request))
#24 C:\\wamp64\\www\\keenthemes\\themes\\metronic\\theme\\html_laravel\\demo1\\skeleton\\vendor\\laravel\\framework\\src\\Illuminate\\Foundation\\Http\\Middleware\\TransformsRequest.php(21): Illuminate\\Pipeline\\Pipeline->Illuminate\\Pipeline\\{closure}(Object(Illuminate\\Http\\Request))
#25 C:\\wamp64\\www\\keenthemes\\themes\\metronic\\theme\\html_laravel\\demo1\\skeleton\\vendor\\laravel\\framework\\src\\Illuminate\\Pipeline\\Pipeline.php(167): Illuminate\\Foundation\\Http\\Middleware\\TransformsRequest->handle(Object(Illuminate\\Http\\Request), Object(Closure))
#26 C:\\wamp64\\www\\keenthemes\\themes\\metronic\\theme\\html_laravel\\demo1\\skeleton\\vendor\\laravel\\framework\\src\\Illuminate\\Foundation\\Http\\Middleware\\TransformsRequest.php(21): Illuminate\\Pipeline\\Pipeline->Illuminate\\Pipeline\\{closure}(Object(Illuminate\\Http\\Request))
#27 C:\\wamp64\\www\\keenthemes\\themes\\metronic\\theme\\html_laravel\\demo1\\skeleton\\vendor\\laravel\\framework\\src\\Illuminate\\Pipeline\\Pipeline.php(167): Illuminate\\Foundation\\Http\\Middleware\\TransformsRequest->handle(Object(Illuminate\\Http\\Request), Object(Closure))
#28 C:\\wamp64\\www\\keenthemes\\themes\\metronic\\theme\\html_laravel\\demo1\\skeleton\\vendor\\laravel\\framework\\src\\Illuminate\\Foundation\\Http\\Middleware\\ValidatePostSize.php(27): Illuminate\\Pipeline\\Pipeline->Illuminate\\Pipeline\\{closure}(Object(Illuminate\\Http\\Request))
#29 C:\\wamp64\\www\\keenthemes\\themes\\metronic\\theme\\html_laravel\\demo1\\skeleton\\vendor\\laravel\\framework\\src\\Illuminate\\Pipeline\\Pipeline.php(167): Illuminate\\Foundation\\Http\\Middleware\\ValidatePostSize->handle(Object(Illuminate\\Http\\Request), Object(Closure))
#30 C:\\wamp64\\www\\keenthemes\\themes\\metronic\\theme\\html_laravel\\demo1\\skeleton\\vendor\\laravel\\framework\\src\\Illuminate\\Foundation\\Http\\Middleware\\PreventRequestsDuringMaintenance.php(87): Illuminate\\Pipeline\\Pipeline->Illuminate\\Pipeline\\{closure}(Object(Illuminate\\Http\\Request))
#31 C:\\wamp64\\www\\keenthemes\\themes\\metronic\\theme\\html_laravel\\demo1\\skeleton\\vendor\\laravel\\framework\\src\\Illuminate\\Pipeline\\Pipeline.php(167): Illuminate\\Foundation\\Http\\Middleware\\PreventRequestsDuringMaintenance->handle(Object(Illuminate\\Http\\Request), Object(Closure))
#32 C:\\wamp64\\www\\keenthemes\\themes\\metronic\\theme\\html_laravel\\demo1\\skeleton\\vendor\\fruitcake\\laravel-cors\\src\\HandleCors.php(37): Illuminate\\Pipeline\\Pipeline->Illuminate\\Pipeline\\{closure}(Object(Illuminate\\Http\\Request))
#33 C:\\wamp64\\www\\keenthemes\\themes\\metronic\\theme\\html_laravel\\demo1\\skeleton\\vendor\\laravel\\framework\\src\\Illuminate\\Pipeline\\Pipeline.php(167): Fruitcake\\Cors\\HandleCors->handle(Object(Illuminate\\Http\\Request), Object(Closure))
#34 C:\\wamp64\\www\\keenthemes\\themes\\metronic\\theme\\html_laravel\\demo1\\skeleton\\vendor\\fideloper\\proxy\\src\\TrustProxies.php(57): Illuminate\\Pipeline\\Pipeline->Illuminate\\Pipeline\\{closure}(Object(Illuminate\\Http\\Request))
#35 C:\\wamp64\\www\\keenthemes\\themes\\metronic\\theme\\html_laravel\\demo1\\skeleton\\vendor\\laravel\\framework\\src\\Illuminate\\Pipeline\\Pipeline.php(167): Fideloper\\Proxy\\TrustProxies->handle(Object(Illuminate\\Http\\Request), Object(Closure))
#36 C:\\wamp64\\www\\keenthemes\\themes\\metronic\\theme\\html_laravel\\demo1\\skeleton\\vendor\\laravel\\framework\\src\\Illuminate\\Pipeline\\Pipeline.php(103): Illuminate\\Pipeline\\Pipeline->Illuminate\\Pipeline\\{closure}(Object(Illuminate\\Http\\Request))
#37 C:\\wamp64\\www\\keenthemes\\themes\\metronic\\theme\\html_laravel\\demo1\\skeleton\\vendor\\laravel\\framework\\src\\Illuminate\\Foundation\\Http\\Kernel.php(141): Illuminate\\Pipeline\\Pipeline->then(Object(Closure))
#38 C:\\wamp64\\www\\keenthemes\\themes\\metronic\\theme\\html_laravel\\demo1\\skeleton\\vendor\\laravel\\framework\\src\\Illuminate\\Foundation\\Http\\Kernel.php(110): Illuminate\\Foundation\\Http\\Kernel->sendRequestThroughRouter(Object(Illuminate\\Http\\Request))
#39 C:\\wamp64\\www\\keenthemes\\themes\\metronic\\theme\\html_laravel\\demo1\\skeleton\\public\\index.php(55): Illuminate\\Foundation\\Http\\Kernel->handle(Object(Illuminate\\Http\\Request))
#40 C:\\wamp64\\www\\keenthemes\\themes\\metronic\\theme\\html_laravel\\demo1\\skeleton\\server.php(21): require_once('C:\\\\wamp64\\\\www\\\\k...')
#41 {main}
"} 
[2020-09-29 03:43:23] production.ERROR: No application encryption key has been specified. {"exception":"[object] (Illuminate\\Encryption\\MissingAppKeyException(code: 0): No application encryption key has been specified. at C:\\wamp64\\www\\keenthemes\\themes\\metronic\\theme\\html_laravel\\demo1\\skeleton\\vendor\\laravel\\framework\\src\\Illuminate\\Encryption\\EncryptionServiceProvider.php:79)
[stacktrace]
#0 C:\\wamp64\\www\\keenthemes\\themes\\metronic\\theme\\html_laravel\\demo1\\skeleton\\vendor\\laravel\\framework\\src\\Illuminate\\Support\\helpers.php(263): Illuminate\\Encryption\\EncryptionServiceProvider->Illuminate\\Encryption\\{closure}(NULL)
#1 C:\\wamp64\\www\\keenthemes\\themes\\metronic\\theme\\html_laravel\\demo1\\skeleton\\vendor\\laravel\\framework\\src\\Illuminate\\Encryption\\EncryptionServiceProvider.php(81): tap(NULL, Object(Closure))
#2 C:\\wamp64\\www\\keenthemes\\themes\\metronic\\theme\\html_laravel\\demo1\\skeleton\\vendor\\laravel\\framework\\src\\Illuminate\\Encryption\\EncryptionServiceProvider.php(60): Illuminate\\Encryption\\EncryptionServiceProvider->key(Array)
#3 C:\\wamp64\\www\\keenthemes\\themes\\metronic\\theme\\html_laravel\\demo1\\skeleton\\vendor\\laravel\\framework\\src\\Illuminate\\Encryption\\EncryptionServiceProvider.php(32): Illuminate\\Encryption\\EncryptionServiceProvider->parseKey(Array)
#4 C:\\wamp64\\www\\keenthemes\\themes\\metronic\\theme\\html_laravel\\demo1\\skeleton\\vendor\\laravel\\framework\\src\\Illuminate\\Container\\Container.php(805): Illuminate\\Encryption\\EncryptionServiceProvider->Illuminate\\Encryption\\{closure}(Object(Illuminate\\Foundation\\Application), Array)
#5 C:\\wamp64\\www\\keenthemes\\themes\\metronic\\theme\\html_laravel\\demo1\\skeleton\\vendor\\laravel\\framework\\src\\Illuminate\\Container\\Container.php(691): Illuminate\\Container\\Container->build(Object(Closure))
#6 C:\\wamp64\\www\\keenthemes\\themes\\metronic\\theme\\html_laravel\\demo1\\skeleton\\vendor\\laravel\\framework\\src\\Illuminate\\Foundation\\Application.php(796): Illuminate\\Container\\Container->resolve('encrypter', Array, true)
#7 C:\\wamp64\\www\\keenthemes\\themes\\metronic\\theme\\html_laravel\\demo1\\skeleton\\vendor\\laravel\\framework\\src\\Illuminate\\Container\\Container.php(637): Illuminate\\Foundation\\Application->resolve('encrypter', Array)
#8 C:\\wamp64\\www\\keenthemes\\themes\\metronic\\theme\\html_laravel\\demo1\\skeleton\\vendor\\laravel\\framework\\src\\Illuminate\\Foundation\\Application.php(781): Illuminate\\Container\\Container->make('encrypter', Array)
#9 C:\\wamp64\\www\\keenthemes\\themes\\metronic\\theme\\html_laravel\\demo1\\skeleton\\vendor\\laravel\\framework\\src\\Illuminate\\Container\\Container.php(959): Illuminate\\Foundation\\Application->make('encrypter')
#10 C:\\wamp64\\www\\keenthemes\\themes\\metronic\\theme\\html_laravel\\demo1\\skeleton\\vendor\\laravel\\framework\\src\\Illuminate\\Container\\Container.php(879): Illuminate\\Container\\Container->resolveClass(Object(ReflectionParameter))
#11 C:\\wamp64\\www\\keenthemes\\themes\\metronic\\theme\\html_laravel\\demo1\\skeleton\\vendor\\laravel\\framework\\src\\Illuminate\\Container\\Container.php(840): Illuminate\\Container\\Container->resolveDependencies(Array)
#12 C:\\wamp64\\www\\keenthemes\\themes\\metronic\\theme\\html_laravel\\demo1\\skeleton\\vendor\\laravel\\framework\\src\\Illuminate\\Container\\Container.php(691): Illuminate\\Container\\Container->build('App\\\\Http\\\\Middle...')
#13 C:\\wamp64\\www\\keenthemes\\themes\\metronic\\theme\\html_laravel\\demo1\\skeleton\\vendor\\laravel\\framework\\src\\Illuminate\\Foundation\\Application.php(796): Illuminate\\Container\\Container->resolve('App\\\\Http\\\\Middle...', Array, true)
#14 C:\\wamp64\\www\\keenthemes\\themes\\metronic\\theme\\html_laravel\\demo1\\skeleton\\vendor\\laravel\\framework\\src\\Illuminate\\Container\\Container.php(637): Illuminate\\Foundation\\Application->resolve('App\\\\Http\\\\Middle...', Array)
#15 C:\\wamp64\\www\\keenthemes\\themes\\metronic\\theme\\html_laravel\\demo1\\skeleton\\vendor\\laravel\\framework\\src\\Illuminate\\Foundation\\Application.php(781): Illuminate\\Container\\Container->make('App\\\\Http\\\\Middle...', Array)
#16 C:\\wamp64\\www\\keenthemes\\themes\\metronic\\theme\\html_laravel\\demo1\\skeleton\\vendor\\laravel\\framework\\src\\Illuminate\\Foundation\\Http\\Kernel.php(205): Illuminate\\Foundation\\Application->make('App\\\\Http\\\\Middle...')
#17 C:\\wamp64\\www\\keenthemes\\themes\\metronic\\theme\\html_laravel\\demo1\\skeleton\\vendor\\laravel\\framework\\src\\Illuminate\\Foundation\\Http\\Kernel.php(179): Illuminate\\Foundation\\Http\\Kernel->terminateMiddleware(Object(Illuminate\\Http\\Request), Object(Illuminate\\Http\\Response))
#18 C:\\wamp64\\www\\keenthemes\\themes\\metronic\\theme\\html_laravel\\demo1\\skeleton\\public\\index.php(60): Illuminate\\Foundation\\Http\\Kernel->terminate(Object(Illuminate\\Http\\Request), Object(Illuminate\\Http\\Response))
#19 C:\\wamp64\\www\\keenthemes\\themes\\metronic\\theme\\html_laravel\\demo1\\skeleton\\server.php(21): require_once('C:\\\\wamp64\\\\www\\\\k...')
#20 {main}
"} 
[2020-09-29 03:45:05] local.ERROR: Command "cache:" is ambiguous.
Did you mean one of these?
    cache:clear  Flush the application cache
    cache:forget Remove an item from the cache
    cache:table  Create a migration for the cache database table. {"exception":"[object] (Symfony\\Component\\Console\\Exception\\CommandNotFoundException(code: 0): Command \"cache:\" is ambiguous.
Did you mean one of these?
    cache:clear  Flush the application cache
    cache:forget Remove an item from the cache
    cache:table  Create a migration for the cache database table. at C:\\wamp64\\www\\keenthemes\\themes\\metronic\\theme\\html_laravel\\demo1\\skeleton\\vendor\\symfony\\console\\Application.php:690)
[stacktrace]
#0 C:\\wamp64\\www\\keenthemes\\themes\\metronic\\theme\\html_laravel\\demo1\\skeleton\\vendor\\symfony\\console\\Application.php(228): Symfony\\Component\\Console\\Application->find('cache:')
#1 C:\\wamp64\\www\\keenthemes\\themes\\metronic\\theme\\html_laravel\\demo1\\skeleton\\vendor\\symfony\\console\\Application.php(140): Symfony\\Component\\Console\\Application->doRun(Object(Symfony\\Component\\Console\\Input\\ArgvInput), Object(Symfony\\Component\\Console\\Output\\ConsoleOutput))
#2 C:\\wamp64\\www\\keenthemes\\themes\\metronic\\theme\\html_laravel\\demo1\\skeleton\\vendor\\laravel\\framework\\src\\Illuminate\\Console\\Application.php(93): Symfony\\Component\\Console\\Application->run(Object(Symfony\\Component\\Console\\Input\\ArgvInput), Object(Symfony\\Component\\Console\\Output\\ConsoleOutput))
#3 C:\\wamp64\\www\\keenthemes\\themes\\metronic\\theme\\html_laravel\\demo1\\skeleton\\vendor\\laravel\\framework\\src\\Illuminate\\Foundation\\Console\\Kernel.php(129): Illuminate\\Console\\Application->run(Object(Symfony\\Component\\Console\\Input\\ArgvInput), Object(Symfony\\Component\\Console\\Output\\ConsoleOutput))
#4 C:\\wamp64\\www\\keenthemes\\themes\\metronic\\theme\\html_laravel\\demo1\\skeleton\\artisan(37): Illuminate\\Foundation\\Console\\Kernel->handle(Object(Symfony\\Component\\Console\\Input\\ArgvInput), Object(Symfony\\Component\\Console\\Output\\ConsoleOutput))
#5 {main}
"} 
[2020-09-29 03:45:05] local.ERROR: Command "config:" is ambiguous.
Did you mean one of these?
    config:cache Create a cache file for faster configuration loading
    config:clear Remove the configuration cache file. {"exception":"[object] (Symfony\\Component\\Console\\Exception\\CommandNotFoundException(code: 0): Command \"config:\" is ambiguous.
Did you mean one of these?
    config:cache Create a cache file for faster configuration loading
    config:clear Remove the configuration cache file. at C:\\wamp64\\www\\keenthemes\\themes\\metronic\\theme\\html_laravel\\demo1\\skeleton\\vendor\\symfony\\console\\Application.php:690)
[stacktrace]
#0 C:\\wamp64\\www\\keenthemes\\themes\\metronic\\theme\\html_laravel\\demo1\\skeleton\\vendor\\symfony\\console\\Application.php(228): Symfony\\Component\\Console\\Application->find('config:')
#1 C:\\wamp64\\www\\keenthemes\\themes\\metronic\\theme\\html_laravel\\demo1\\skeleton\\vendor\\symfony\\console\\Application.php(140): Symfony\\Component\\Console\\Application->doRun(Object(Symfony\\Component\\Console\\Input\\ArgvInput), Object(Symfony\\Component\\Console\\Output\\ConsoleOutput))
#2 C:\\wamp64\\www\\keenthemes\\themes\\metronic\\theme\\html_laravel\\demo1\\skeleton\\vendor\\laravel\\framework\\src\\Illuminate\\Console\\Application.php(93): Symfony\\Component\\Console\\Application->run(Object(Symfony\\Component\\Console\\Input\\ArgvInput), Object(Symfony\\Component\\Console\\Output\\ConsoleOutput))
#3 C:\\wamp64\\www\\keenthemes\\themes\\metronic\\theme\\html_laravel\\demo1\\skeleton\\vendor\\laravel\\framework\\src\\Illuminate\\Foundation\\Console\\Kernel.php(129): Illuminate\\Console\\Application->run(Object(Symfony\\Component\\Console\\Input\\ArgvInput), Object(Symfony\\Component\\Console\\Output\\ConsoleOutput))
#4 C:\\wamp64\\www\\keenthemes\\themes\\metronic\\theme\\html_laravel\\demo1\\skeleton\\artisan(37): Illuminate\\Foundation\\Console\\Kernel->handle(Object(Symfony\\Component\\Console\\Input\\ArgvInput), Object(Symfony\\Component\\Console\\Output\\ConsoleOutput))
#5 {main}
"} 
[2020-09-29 03:45:06] local.ERROR: Command "cache:" is ambiguous.
Did you mean one of these?
    cache:clear  Flush the application cache
    cache:forget Remove an item from the cache
    cache:table  Create a migration for the cache database table. {"exception":"[object] (Symfony\\Component\\Console\\Exception\\CommandNotFoundException(code: 0): Command \"cache:\" is ambiguous.
Did you mean one of these?
    cache:clear  Flush the application cache
    cache:forget Remove an item from the cache
    cache:table  Create a migration for the cache database table. at C:\\wamp64\\www\\keenthemes\\themes\\metronic\\theme\\html_laravel\\demo1\\skeleton\\vendor\\symfony\\console\\Application.php:690)
[stacktrace]
#0 C:\\wamp64\\www\\keenthemes\\themes\\metronic\\theme\\html_laravel\\demo1\\skeleton\\vendor\\symfony\\console\\Application.php(228): Symfony\\Component\\Console\\Application->find('cache:')
#1 C:\\wamp64\\www\\keenthemes\\themes\\metronic\\theme\\html_laravel\\demo1\\skeleton\\vendor\\symfony\\console\\Application.php(140): Symfony\\Component\\Console\\Application->doRun(Object(Symfony\\Component\\Console\\Input\\ArgvInput), Object(Symfony\\Component\\Console\\Output\\ConsoleOutput))
#2 C:\\wamp64\\www\\keenthemes\\themes\\metronic\\theme\\html_laravel\\demo1\\skeleton\\vendor\\laravel\\framework\\src\\Illuminate\\Console\\Application.php(93): Symfony\\Component\\Console\\Application->run(Object(Symfony\\Component\\Console\\Input\\ArgvInput), Object(Symfony\\Component\\Console\\Output\\ConsoleOutput))
#3 C:\\wamp64\\www\\keenthemes\\themes\\metronic\\theme\\html_laravel\\demo1\\skeleton\\vendor\\laravel\\framework\\src\\Illuminate\\Foundation\\Console\\Kernel.php(129): Illuminate\\Console\\Application->run(Object(Symfony\\Component\\Console\\Input\\ArgvInput), Object(Symfony\\Component\\Console\\Output\\ConsoleOutput))
#4 C:\\wamp64\\www\\keenthemes\\themes\\metronic\\theme\\html_laravel\\demo1\\skeleton\\artisan(37): Illuminate\\Foundation\\Console\\Kernel->handle(Object(Symfony\\Component\\Console\\Input\\ArgvInput), Object(Symfony\\Component\\Console\\Output\\ConsoleOutput))
#5 {main}
"} 
[2020-09-29 03:50:14] local.ERROR: No application encryption key has been specified. {"exception":"[object] (Illuminate\\Encryption\\MissingAppKeyException(code: 0): No application encryption key has been specified. at C:\\wamp64\\www\\keenthemes\\themes\\metronic\\theme\\html_laravel\\demo1\\skeleton\\vendor\\laravel\\framework\\src\\Illuminate\\Encryption\\EncryptionServiceProvider.php:79)
[stacktrace]
#0 C:\\wamp64\\www\\keenthemes\\themes\\metronic\\theme\\html_laravel\\demo1\\skeleton\\vendor\\laravel\\framework\\src\\Illuminate\\Support\\helpers.php(263): Illuminate\\Encryption\\EncryptionServiceProvider->Illuminate\\Encryption\\{closure}('')
#1 C:\\wamp64\\www\\keenthemes\\themes\\metronic\\theme\\html_laravel\\demo1\\skeleton\\vendor\\laravel\\framework\\src\\Illuminate\\Encryption\\EncryptionServiceProvider.php(81): tap('', Object(Closure))
#2 C:\\wamp64\\www\\keenthemes\\themes\\metronic\\theme\\html_laravel\\demo1\\skeleton\\vendor\\laravel\\framework\\src\\Illuminate\\Encryption\\EncryptionServiceProvider.php(60): Illuminate\\Encryption\\EncryptionServiceProvider->key(Array)
#3 C:\\wamp64\\www\\keenthemes\\themes\\metronic\\theme\\html_laravel\\demo1\\skeleton\\vendor\\laravel\\framework\\src\\Illuminate\\Encryption\\EncryptionServiceProvider.php(32): Illuminate\\Encryption\\EncryptionServiceProvider->parseKey(Array)
#4 C:\\wamp64\\www\\keenthemes\\themes\\metronic\\theme\\html_laravel\\demo1\\skeleton\\vendor\\laravel\\framework\\src\\Illuminate\\Container\\Container.php(805): Illuminate\\Encryption\\EncryptionServiceProvider->Illuminate\\Encryption\\{closure}(Object(Illuminate\\Foundation\\Application), Array)
#5 C:\\wamp64\\www\\keenthemes\\themes\\metronic\\theme\\html_laravel\\demo1\\skeleton\\vendor\\laravel\\framework\\src\\Illuminate\\Container\\Container.php(691): Illuminate\\Container\\Container->build(Object(Closure))
#6 C:\\wamp64\\www\\keenthemes\\themes\\metronic\\theme\\html_laravel\\demo1\\skeleton\\vendor\\laravel\\framework\\src\\Illuminate\\Foundation\\Application.php(796): Illuminate\\Container\\Container->resolve('encrypter', Array, true)
#7 C:\\wamp64\\www\\keenthemes\\themes\\metronic\\theme\\html_laravel\\demo1\\skeleton\\vendor\\laravel\\framework\\src\\Illuminate\\Container\\Container.php(637): Illuminate\\Foundation\\Application->resolve('encrypter', Array)
#8 C:\\wamp64\\www\\keenthemes\\themes\\metronic\\theme\\html_laravel\\demo1\\skeleton\\vendor\\laravel\\framework\\src\\Illuminate\\Foundation\\Application.php(781): Illuminate\\Container\\Container->make('encrypter', Array)
#9 C:\\wamp64\\www\\keenthemes\\themes\\metronic\\theme\\html_laravel\\demo1\\skeleton\\vendor\\laravel\\framework\\src\\Illuminate\\Container\\Container.php(959): Illuminate\\Foundation\\Application->make('encrypter')
#10 C:\\wamp64\\www\\keenthemes\\themes\\metronic\\theme\\html_laravel\\demo1\\skeleton\\vendor\\laravel\\framework\\src\\Illuminate\\Container\\Container.php(879): Illuminate\\Container\\Container->resolveClass(Object(ReflectionParameter))
#11 C:\\wamp64\\www\\keenthemes\\themes\\metronic\\theme\\html_laravel\\demo1\\skeleton\\vendor\\laravel\\framework\\src\\Illuminate\\Container\\Container.php(840): Illuminate\\Container\\Container->resolveDependencies(Array)
#12 C:\\wamp64\\www\\keenthemes\\themes\\metronic\\theme\\html_laravel\\demo1\\skeleton\\vendor\\laravel\\framework\\src\\Illuminate\\Container\\Container.php(691): Illuminate\\Container\\Container->build('App\\\\Http\\\\Middle...')
#13 C:\\wamp64\\www\\keenthemes\\themes\\metronic\\theme\\html_laravel\\demo1\\skeleton\\vendor\\laravel\\framework\\src\\Illuminate\\Foundation\\Application.php(796): Illuminate\\Container\\Container->resolve('App\\\\Http\\\\Middle...', Array, true)
#14 C:\\wamp64\\www\\keenthemes\\themes\\metronic\\theme\\html_laravel\\demo1\\skeleton\\vendor\\laravel\\framework\\src\\Illuminate\\Container\\Container.php(637): Illuminate\\Foundation\\Application->resolve('App\\\\Http\\\\Middle...', Array)
#15 C:\\wamp64\\www\\keenthemes\\themes\\metronic\\theme\\html_laravel\\demo1\\skeleton\\vendor\\laravel\\framework\\src\\Illuminate\\Foundation\\Application.php(781): Illuminate\\Container\\Container->make('App\\\\Http\\\\Middle...', Array)
#16 C:\\wamp64\\www\\keenthemes\\themes\\metronic\\theme\\html_laravel\\demo1\\skeleton\\vendor\\laravel\\framework\\src\\Illuminate\\Pipeline\\Pipeline.php(156): Illuminate\\Foundation\\Application->make('App\\\\Http\\\\Middle...')
#17 C:\\wamp64\\www\\keenthemes\\themes\\metronic\\theme\\html_laravel\\demo1\\skeleton\\vendor\\laravel\\framework\\src\\Illuminate\\Pipeline\\Pipeline.php(103): Illuminate\\Pipeline\\Pipeline->Illuminate\\Pipeline\\{closure}(Object(Illuminate\\Http\\Request))
#18 C:\\wamp64\\www\\keenthemes\\themes\\metronic\\theme\\html_laravel\\demo1\\skeleton\\vendor\\laravel\\framework\\src\\Illuminate\\Routing\\Router.php(693): Illuminate\\Pipeline\\Pipeline->then(Object(Closure))
#19 C:\\wamp64\\www\\keenthemes\\themes\\metronic\\theme\\html_laravel\\demo1\\skeleton\\vendor\\laravel\\framework\\src\\Illuminate\\Routing\\Router.php(668): Illuminate\\Routing\\Router->runRouteWithinStack(Object(Illuminate\\Routing\\Route), Object(Illuminate\\Http\\Request))
#20 C:\\wamp64\\www\\keenthemes\\themes\\metronic\\theme\\html_laravel\\demo1\\skeleton\\vendor\\laravel\\framework\\src\\Illuminate\\Routing\\Router.php(634): Illuminate\\Routing\\Router->runRoute(Object(Illuminate\\Http\\Request), Object(Illuminate\\Routing\\Route))
#21 C:\\wamp64\\www\\keenthemes\\themes\\metronic\\theme\\html_laravel\\demo1\\skeleton\\vendor\\laravel\\framework\\src\\Illuminate\\Routing\\Router.php(623): Illuminate\\Routing\\Router->dispatchToRoute(Object(Illuminate\\Http\\Request))
#22 C:\\wamp64\\www\\keenthemes\\themes\\metronic\\theme\\html_laravel\\demo1\\skeleton\\vendor\\laravel\\framework\\src\\Illuminate\\Foundation\\Http\\Kernel.php(166): Illuminate\\Routing\\Router->dispatch(Object(Illuminate\\Http\\Request))
#23 C:\\wamp64\\www\\keenthemes\\themes\\metronic\\theme\\html_laravel\\demo1\\skeleton\\vendor\\laravel\\framework\\src\\Illuminate\\Pipeline\\Pipeline.php(128): Illuminate\\Foundation\\Http\\Kernel->Illuminate\\Foundation\\Http\\{closure}(Object(Illuminate\\Http\\Request))
#24 C:\\wamp64\\www\\keenthemes\\themes\\metronic\\theme\\html_laravel\\demo1\\skeleton\\vendor\\laravel\\framework\\src\\Illuminate\\Foundation\\Http\\Middleware\\TransformsRequest.php(21): Illuminate\\Pipeline\\Pipeline->Illuminate\\Pipeline\\{closure}(Object(Illuminate\\Http\\Request))
#25 C:\\wamp64\\www\\keenthemes\\themes\\metronic\\theme\\html_laravel\\demo1\\skeleton\\vendor\\laravel\\framework\\src\\Illuminate\\Pipeline\\Pipeline.php(167): Illuminate\\Foundation\\Http\\Middleware\\TransformsRequest->handle(Object(Illuminate\\Http\\Request), Object(Closure))
#26 C:\\wamp64\\www\\keenthemes\\themes\\metronic\\theme\\html_laravel\\demo1\\skeleton\\vendor\\laravel\\framework\\src\\Illuminate\\Foundation\\Http\\Middleware\\TransformsRequest.php(21): Illuminate\\Pipeline\\Pipeline->Illuminate\\Pipeline\\{closure}(Object(Illuminate\\Http\\Request))
#27 C:\\wamp64\\www\\keenthemes\\themes\\metronic\\theme\\html_laravel\\demo1\\skeleton\\vendor\\laravel\\framework\\src\\Illuminate\\Pipeline\\Pipeline.php(167): Illuminate\\Foundation\\Http\\Middleware\\TransformsRequest->handle(Object(Illuminate\\Http\\Request), Object(Closure))
#28 C:\\wamp64\\www\\keenthemes\\themes\\metronic\\theme\\html_laravel\\demo1\\skeleton\\vendor\\laravel\\framework\\src\\Illuminate\\Foundation\\Http\\Middleware\\ValidatePostSize.php(27): Illuminate\\Pipeline\\Pipeline->Illuminate\\Pipeline\\{closure}(Object(Illuminate\\Http\\Request))
#29 C:\\wamp64\\www\\keenthemes\\themes\\metronic\\theme\\html_laravel\\demo1\\skeleton\\vendor\\laravel\\framework\\src\\Illuminate\\Pipeline\\Pipeline.php(167): Illuminate\\Foundation\\Http\\Middleware\\ValidatePostSize->handle(Object(Illuminate\\Http\\Request), Object(Closure))
#30 C:\\wamp64\\www\\keenthemes\\themes\\metronic\\theme\\html_laravel\\demo1\\skeleton\\vendor\\laravel\\framework\\src\\Illuminate\\Foundation\\Http\\Middleware\\PreventRequestsDuringMaintenance.php(87): Illuminate\\Pipeline\\Pipeline->Illuminate\\Pipeline\\{closure}(Object(Illuminate\\Http\\Request))
#31 C:\\wamp64\\www\\keenthemes\\themes\\metronic\\theme\\html_laravel\\demo1\\skeleton\\vendor\\laravel\\framework\\src\\Illuminate\\Pipeline\\Pipeline.php(167): Illuminate\\Foundation\\Http\\Middleware\\PreventRequestsDuringMaintenance->handle(Object(Illuminate\\Http\\Request), Object(Closure))
#32 C:\\wamp64\\www\\keenthemes\\themes\\metronic\\theme\\html_laravel\\demo1\\skeleton\\vendor\\fruitcake\\laravel-cors\\src\\HandleCors.php(37): Illuminate\\Pipeline\\Pipeline->Illuminate\\Pipeline\\{closure}(Object(Illuminate\\Http\\Request))
#33 C:\\wamp64\\www\\keenthemes\\themes\\metronic\\theme\\html_laravel\\demo1\\skeleton\\vendor\\laravel\\framework\\src\\Illuminate\\Pipeline\\Pipeline.php(167): Fruitcake\\Cors\\HandleCors->handle(Object(Illuminate\\Http\\Request), Object(Closure))
#34 C:\\wamp64\\www\\keenthemes\\themes\\metronic\\theme\\html_laravel\\demo1\\skeleton\\vendor\\fideloper\\proxy\\src\\TrustProxies.php(57): Illuminate\\Pipeline\\Pipeline->Illuminate\\Pipeline\\{closure}(Object(Illuminate\\Http\\Request))
#35 C:\\wamp64\\www\\keenthemes\\themes\\metronic\\theme\\html_laravel\\demo1\\skeleton\\vendor\\laravel\\framework\\src\\Illuminate\\Pipeline\\Pipeline.php(167): Fideloper\\Proxy\\TrustProxies->handle(Object(Illuminate\\Http\\Request), Object(Closure))
#36 C:\\wamp64\\www\\keenthemes\\themes\\metronic\\theme\\html_laravel\\demo1\\skeleton\\vendor\\laravel\\framework\\src\\Illuminate\\Pipeline\\Pipeline.php(103): Illuminate\\Pipeline\\Pipeline->Illuminate\\Pipeline\\{closure}(Object(Illuminate\\Http\\Request))
#37 C:\\wamp64\\www\\keenthemes\\themes\\metronic\\theme\\html_laravel\\demo1\\skeleton\\vendor\\laravel\\framework\\src\\Illuminate\\Foundation\\Http\\Kernel.php(141): Illuminate\\Pipeline\\Pipeline->then(Object(Closure))
#38 C:\\wamp64\\www\\keenthemes\\themes\\metronic\\theme\\html_laravel\\demo1\\skeleton\\vendor\\laravel\\framework\\src\\Illuminate\\Foundation\\Http\\Kernel.php(110): Illuminate\\Foundation\\Http\\Kernel->sendRequestThroughRouter(Object(Illuminate\\Http\\Request))
#39 C:\\wamp64\\www\\keenthemes\\themes\\metronic\\theme\\html_laravel\\demo1\\skeleton\\public\\index.php(55): Illuminate\\Foundation\\Http\\Kernel->handle(Object(Illuminate\\Http\\Request))
#40 C:\\wamp64\\www\\keenthemes\\themes\\metronic\\theme\\html_laravel\\demo1\\skeleton\\server.php(21): require_once('C:\\\\wamp64\\\\www\\\\k...')
#41 {main}
"} 
[2020-09-29 03:50:14] local.ERROR: No application encryption key has been specified. {"exception":"[object] (Illuminate\\Encryption\\MissingAppKeyException(code: 0): No application encryption key has been specified. at C:\\wamp64\\www\\keenthemes\\themes\\metronic\\theme\\html_laravel\\demo1\\skeleton\\vendor\\laravel\\framework\\src\\Illuminate\\Encryption\\EncryptionServiceProvider.php:79)
[stacktrace]
#0 C:\\wamp64\\www\\keenthemes\\themes\\metronic\\theme\\html_laravel\\demo1\\skeleton\\vendor\\laravel\\framework\\src\\Illuminate\\Support\\helpers.php(263): Illuminate\\Encryption\\EncryptionServiceProvider->Illuminate\\Encryption\\{closure}('')
#1 C:\\wamp64\\www\\keenthemes\\themes\\metronic\\theme\\html_laravel\\demo1\\skeleton\\vendor\\laravel\\framework\\src\\Illuminate\\Encryption\\EncryptionServiceProvider.php(81): tap('', Object(Closure))
#2 C:\\wamp64\\www\\keenthemes\\themes\\metronic\\theme\\html_laravel\\demo1\\skeleton\\vendor\\laravel\\framework\\src\\Illuminate\\Encryption\\EncryptionServiceProvider.php(60): Illuminate\\Encryption\\EncryptionServiceProvider->key(Array)
#3 C:\\wamp64\\www\\keenthemes\\themes\\metronic\\theme\\html_laravel\\demo1\\skeleton\\vendor\\laravel\\framework\\src\\Illuminate\\Encryption\\EncryptionServiceProvider.php(32): Illuminate\\Encryption\\EncryptionServiceProvider->parseKey(Array)
#4 C:\\wamp64\\www\\keenthemes\\themes\\metronic\\theme\\html_laravel\\demo1\\skeleton\\vendor\\laravel\\framework\\src\\Illuminate\\Container\\Container.php(805): Illuminate\\Encryption\\EncryptionServiceProvider->Illuminate\\Encryption\\{closure}(Object(Illuminate\\Foundation\\Application), Array)
#5 C:\\wamp64\\www\\keenthemes\\themes\\metronic\\theme\\html_laravel\\demo1\\skeleton\\vendor\\laravel\\framework\\src\\Illuminate\\Container\\Container.php(691): Illuminate\\Container\\Container->build(Object(Closure))
#6 C:\\wamp64\\www\\keenthemes\\themes\\metronic\\theme\\html_laravel\\demo1\\skeleton\\vendor\\laravel\\framework\\src\\Illuminate\\Foundation\\Application.php(796): Illuminate\\Container\\Container->resolve('encrypter', Array, true)
#7 C:\\wamp64\\www\\keenthemes\\themes\\metronic\\theme\\html_laravel\\demo1\\skeleton\\vendor\\laravel\\framework\\src\\Illuminate\\Container\\Container.php(637): Illuminate\\Foundation\\Application->resolve('encrypter', Array)
#8 C:\\wamp64\\www\\keenthemes\\themes\\metronic\\theme\\html_laravel\\demo1\\skeleton\\vendor\\laravel\\framework\\src\\Illuminate\\Foundation\\Application.php(781): Illuminate\\Container\\Container->make('encrypter', Array)
#9 C:\\wamp64\\www\\keenthemes\\themes\\metronic\\theme\\html_laravel\\demo1\\skeleton\\vendor\\laravel\\framework\\src\\Illuminate\\Container\\Container.php(959): Illuminate\\Foundation\\Application->make('encrypter')
#10 C:\\wamp64\\www\\keenthemes\\themes\\metronic\\theme\\html_laravel\\demo1\\skeleton\\vendor\\laravel\\framework\\src\\Illuminate\\Container\\Container.php(879): Illuminate\\Container\\Container->resolveClass(Object(ReflectionParameter))
#11 C:\\wamp64\\www\\keenthemes\\themes\\metronic\\theme\\html_laravel\\demo1\\skeleton\\vendor\\laravel\\framework\\src\\Illuminate\\Container\\Container.php(840): Illuminate\\Container\\Container->resolveDependencies(Array)
#12 C:\\wamp64\\www\\keenthemes\\themes\\metronic\\theme\\html_laravel\\demo1\\skeleton\\vendor\\laravel\\framework\\src\\Illuminate\\Container\\Container.php(691): Illuminate\\Container\\Container->build('App\\\\Http\\\\Middle...')
#13 C:\\wamp64\\www\\keenthemes\\themes\\metronic\\theme\\html_laravel\\demo1\\skeleton\\vendor\\laravel\\framework\\src\\Illuminate\\Foundation\\Application.php(796): Illuminate\\Container\\Container->resolve('App\\\\Http\\\\Middle...', Array, true)
#14 C:\\wamp64\\www\\keenthemes\\themes\\metronic\\theme\\html_laravel\\demo1\\skeleton\\vendor\\laravel\\framework\\src\\Illuminate\\Container\\Container.php(637): Illuminate\\Foundation\\Application->resolve('App\\\\Http\\\\Middle...', Array)
#15 C:\\wamp64\\www\\keenthemes\\themes\\metronic\\theme\\html_laravel\\demo1\\skeleton\\vendor\\laravel\\framework\\src\\Illuminate\\Foundation\\Application.php(781): Illuminate\\Container\\Container->make('App\\\\Http\\\\Middle...', Array)
#16 C:\\wamp64\\www\\keenthemes\\themes\\metronic\\theme\\html_laravel\\demo1\\skeleton\\vendor\\laravel\\framework\\src\\Illuminate\\Foundation\\Http\\Kernel.php(205): Illuminate\\Foundation\\Application->make('App\\\\Http\\\\Middle...')
#17 C:\\wamp64\\www\\keenthemes\\themes\\metronic\\theme\\html_laravel\\demo1\\skeleton\\vendor\\laravel\\framework\\src\\Illuminate\\Foundation\\Http\\Kernel.php(179): Illuminate\\Foundation\\Http\\Kernel->terminateMiddleware(Object(Illuminate\\Http\\Request), Object(Illuminate\\Http\\Response))
#18 C:\\wamp64\\www\\keenthemes\\themes\\metronic\\theme\\html_laravel\\demo1\\skeleton\\public\\index.php(60): Illuminate\\Foundation\\Http\\Kernel->terminate(Object(Illuminate\\Http\\Request), Object(Illuminate\\Http\\Response))
#19 C:\\wamp64\\www\\keenthemes\\themes\\metronic\\theme\\html_laravel\\demo1\\skeleton\\server.php(21): require_once('C:\\\\wamp64\\\\www\\\\k...')
#20 {main}
"} 
